<?xml version="1.0" encoding="UTF-8"?>
<!-- Generated by org.testng.reporters.JUnitReportReporter -->
<testsuite hostname="DESKTOP-H3E9I3M" failures="0" tests="1" name="com.simplilearn.demo.FirstTest" time="0.055" errors="0" timestamp="2022-03-03T11:39:33 IST" skipped="0">
  <testcase classname="com.simplilearn.demo.FirstTest" name="f" time="0.055"/>
  <system-out/>
</testsuite> <!-- com.simplilearn.demo.FirstTest -->
