<?xml version="1.0" encoding="UTF-8"?>
<!-- Generated by org.testng.reporters.JUnitReportReporter -->
<testsuite hostname="DESKTOP-H3E9I3M" failures="0" tests="3" name="com.simplilearn.demo.Assertions" time="16.651" errors="0" timestamp="2022-03-12T16:07:29 IST" skipped="0">
  <testcase classname="com.simplilearn.demo.Assertions" name="Launch" time="7.383"/>
  <system-out/>
  <testcase classname="com.simplilearn.demo.Assertions" name="TryFacebook" time="5.829"/>
  <system-out/>
  <testcase classname="com.simplilearn.demo.Assertions" name="Login" time="3.439"/>
  <system-out/>
</testsuite> <!-- com.simplilearn.demo.Assertions -->
