<?xml version="1.0" encoding="UTF-8"?>
<!-- Generated by org.testng.reporters.JUnitReportReporter -->
<testsuite hostname="DESKTOP-H3E9I3M" failures="0" tests="1" name="com.simplilearn.demo.TestDemo" time="0.033" errors="0" timestamp="2022-03-04T16:12:05 IST" skipped="0">
  <testcase classname="com.simplilearn.demo.TestDemo" name="test3" time="0.033"/>
  <system-out/>
</testsuite> <!-- com.simplilearn.demo.TestDemo -->
