<?xml version="1.0" encoding="UTF-8"?>
<!-- Generated by org.testng.reporters.JUnitReportReporter -->
<testsuite hostname="DESKTOP-H584OFC" failures="0" tests="1" name="com.simplilearn.demo.Facebook" time="9.418" errors="0" timestamp="2022-03-29T22:16:39 IST" skipped="0">
  <testcase classname="com.simplilearn.demo.Facebook" name="welcome" time="9.418"/>
  <system-out/>
</testsuite> <!-- com.simplilearn.demo.Facebook -->
