<?xml version="1.0" encoding="UTF-8"?>
<!-- Generated by org.testng.reporters.JUnitReportReporter -->
<testsuite hostname="DESKTOP-H3E9I3M" failures="0" tests="4" name="com.simplilearn.demo.ParallelTest" time="25.560" errors="0" timestamp="2022-03-12T16:08:43 IST" skipped="0">
  <testcase classname="com.simplilearn.demo.ParallelTest" name="TryFacebook1" time="0.431"/>
  <system-out/>
  <testcase classname="com.simplilearn.demo.ParallelTest" name="LaunchFirefox" time="13.050"/>
  <system-out/>
  <testcase classname="com.simplilearn.demo.ParallelTest" name="LaunchChrome" time="11.823"/>
  <system-out/>
  <testcase classname="com.simplilearn.demo.ParallelTest" name="TryFacebook2" time="0.256"/>
  <system-out/>
</testsuite> <!-- com.simplilearn.demo.ParallelTest -->
