<?xml version="1.0" encoding="UTF-8"?>
<!-- Generated by org.testng.reporters.JUnitReportReporter -->
<testsuite hostname="DESKTOP-H3E9I3M" failures="0" tests="4" name="com.simplilearn.demo.ParallelTest" time="35.488" errors="0" timestamp="2022-03-12T15:14:48 IST" skipped="0">
  <testcase classname="com.simplilearn.demo.ParallelTest" name="LaunchFirefox" time="12.826"/>
  <system-out/>
  <testcase classname="com.simplilearn.demo.ParallelTest" name="LaunchChrome" time="21.747"/>
  <system-out/>
  <testcase classname="com.simplilearn.demo.ParallelTest" name="TryFacebook1" time="0.547"/>
  <system-out/>
  <testcase classname="com.simplilearn.demo.ParallelTest" name="TryFacebook2" time="0.368"/>
  <system-out/>
</testsuite> <!-- com.simplilearn.demo.ParallelTest -->
